\BOOKMARK [1][-]{section.1}{Analisi\040dei\040requisiti}{}% 1
\BOOKMARK [2][-]{subsection.1.1}{Glossario\040dei\040termini}{section.1}% 2
\BOOKMARK [1][-]{section.2}{Progettazione\040concettuale}{}% 3
\BOOKMARK [2][-]{subsection.2.1}{Descrizione\040testuale\040delle\040classi}{section.2}% 4
\BOOKMARK [3][-]{subsubsection.2.1.1}{Città}{subsection.2.1}% 5
\BOOKMARK [3][-]{subsubsection.2.1.2}{Cliente}{subsection.2.1}% 6
\BOOKMARK [4][-]{subsubsubsection.2.1.2.1}{Cliente\040registrato}{subsubsection.2.1.2}% 7
\BOOKMARK [3][-]{subsubsection.2.1.3}{Ristorante}{subsection.2.1}% 8
\BOOKMARK [3][-]{subsubsection.2.1.4}{Pietanza}{subsection.2.1}% 9
\BOOKMARK [3][-]{subsubsection.2.1.5}{Fattorino}{subsection.2.1}% 10
\BOOKMARK [3][-]{subsubsection.2.1.6}{Ordine}{subsection.2.1}% 11
\BOOKMARK [3][-]{subsubsection.2.1.7}{Ticket}{subsection.2.1}% 12
\BOOKMARK [2][-]{subsection.2.2}{Descrizione\040testuale\040delle\040associazioni}{section.2}% 13
\BOOKMARK [3][-]{subsubsection.2.2.1}{Città - Cliente: ``Residenza"}{subsection.2.2}% 14
\BOOKMARK [3][-]{subsubsection.2.2.2}{Città-Ristorante: ``Appartenenza"}{subsection.2.2}% 15
\BOOKMARK [3][-]{subsubsection.2.2.3}{Ristorante-Pietanza:\040``Proposta"}{subsection.2.2}% 16
\BOOKMARK [3][-]{subsubsection.2.2.4}{Pietanza-Ordine:\040``Composizione"}{subsection.2.2}% 17
\BOOKMARK [3][-]{subsubsection.2.2.5}{Ordine-Fattorino:\040``Trasporto"}{subsection.2.2}% 18
\BOOKMARK [3][-]{subsubsection.2.2.6}{Cliente\040registrato-Ordine:\040``Effettua"}{subsection.2.2}% 19
\BOOKMARK [3][-]{subsubsection.2.2.7}{Cliente\040registrato-Ristorante:\040``Feedback"}{subsection.2.2}% 20
\BOOKMARK [3][-]{subsubsection.2.2.8}{Ticket-Ordine:\040``Relativo"}{subsection.2.2}% 21
\BOOKMARK [2][-]{subsection.2.3}{Output:\040Modello\040E/R}{section.2}% 22
\BOOKMARK [1][-]{section.3}{Progettazione\040logica}{}% 23
\BOOKMARK [2][-]{subsection.3.1}{Descrizione\040testuale\040dello\040schema\040relazionale}{section.3}% 24
\BOOKMARK [2][-]{subsection.3.2}{Ristrutturazione\040schema\040E/R}{section.3}% 25
\BOOKMARK [3][-]{subsubsection.3.2.1}{Cliente}{subsection.3.2}% 26
\BOOKMARK [3][-]{subsubsection.3.2.2}{Allergia}{subsection.3.2}% 27
\BOOKMARK [3][-]{subsubsection.3.2.3}{Pietanza}{subsection.3.2}% 28
\BOOKMARK [2][-]{subsection.3.3}{Schema\040logico}{section.3}% 29
\BOOKMARK [2][-]{subsection.3.4}{Modello\040relazionale}{section.3}% 30
\BOOKMARK [1][-]{section.4}{Query}{}% 31
\BOOKMARK [1][-]{section.5}{Eventi,\040Viste,\040procedure,\040trigger\040e\040funzioni}{}% 32
\BOOKMARK [2][-]{subsection.5.1}{Eventi}{section.5}% 33
\BOOKMARK [2][-]{subsection.5.2}{Viste}{section.5}% 34
\BOOKMARK [2][-]{subsection.5.3}{Procedure}{section.5}% 35
\BOOKMARK [2][-]{subsection.5.4}{Trigger}{section.5}% 36
\BOOKMARK [2][-]{subsection.5.5}{Funzioni}{section.5}% 37
